<?xml version="1.0" encoding="UTF-8"?>
<testng-results ignored="0" total="3" passed="3" failed="0" skipped="0">
  <reporter-output>
  </reporter-output>
  <suite started-at="2022-11-25T16:29:27 IST" name="Suiteframe" finished-at="2022-11-25T16:29:39 IST" duration-ms="11357">
    <groups>
    </groups>
    <test started-at="2022-11-25T16:29:27 IST" name="Test" finished-at="2022-11-25T16:29:39 IST" duration-ms="11357">
      <class name="testngg.TestFrames">
        <test-method is-config="true" signature="beforeClass()[pri:0, instance:testngg.TestFrames@4b5d6a01]" started-at="2022-11-25T16:29:27 IST" name="beforeClass" finished-at="2022-11-25T16:29:30 IST" duration-ms="2933" status="PASS">
          <reporter-output>
          </reporter-output>
        </test-method> <!-- beforeClass -->
        <test-method signature="TestLaunchFrames()[pri:1, instance:testngg.TestFrames@4b5d6a01]" started-at="2022-11-25T16:29:30 IST" name="TestLaunchFrames" finished-at="2022-11-25T16:29:32 IST" duration-ms="1998" status="PASS">
          <reporter-output>
          </reporter-output>
        </test-method> <!-- TestLaunchFrames -->
        <test-method signature="TestFramesInPage()[pri:2, instance:testngg.TestFrames@4b5d6a01]" started-at="2022-11-25T16:29:32 IST" name="TestFramesInPage" finished-at="2022-11-25T16:29:32 IST" depends-on-methods="testngg.TestFrames.TestLaunchFrames" duration-ms="51" status="PASS">
          <reporter-output>
          </reporter-output>
        </test-method> <!-- TestFramesInPage -->
        <test-method signature="TestFrameNavigation()[pri:3, instance:testngg.TestFrames@4b5d6a01]" started-at="2022-11-25T16:29:32 IST" name="TestFrameNavigation" finished-at="2022-11-25T16:29:38 IST" depends-on-methods="testngg.TestFrames.TestFramesInPage" duration-ms="5205" status="PASS">
          <reporter-output>
          </reporter-output>
        </test-method> <!-- TestFrameNavigation -->
        <test-method is-config="true" signature="afterClass()[pri:0, instance:testngg.TestFrames@4b5d6a01]" started-at="2022-11-25T16:29:38 IST" name="afterClass" finished-at="2022-11-25T16:29:39 IST" duration-ms="1133" status="PASS">
          <reporter-output>
          </reporter-output>
        </test-method> <!-- afterClass -->
      </class> <!-- testngg.TestFrames -->
    </test> <!-- Test -->
  </suite> <!-- Suiteframe -->
</testng-results>
