<?xml version="1.0" encoding="UTF-8"?>
<!-- Generated by org.testng.reporters.JUnitXMLReporter -->
<testsuite ignored="0" hostname="LAPTOP-MT20NG76" failures="0" tests="3" name="Test" time="11.357" errors="0" timestamp="2022-11-25T16:29:39 IST">
  <testcase classname="testngg.TestFrames" name="TestLaunchFrames" time="1.998"/>
  <testcase classname="testngg.TestFrames" name="TestFramesInPage" time="0.051"/>
  <testcase classname="testngg.TestFrames" name="TestFrameNavigation" time="5.205"/>
</testsuite> <!-- Test -->
